DEBUG:root:Running WebPMF Upload system
DEBUG:root:Logging in.
DEBUG:root:230 OK. Current restricted directory is /
DEBUG:root:Changing to /public_html
DEBUG:root:Uploading mobile data file mobile.html 
DEBUG:root:Running WebPMF Upload system
DEBUG:root:Logging in.
DEBUG:root:230 OK. Current restricted directory is /
DEBUG:root:Changing to /public_html
DEBUG:root:Uploading mobile data file mobile.html 
DEBUG:root:Closing FTP connection
DEBUG:root:None
INFO:root:Mobile page successully Uploaded to website.
DEBUG:root:Running WebPMF Upload system
DEBUG:root:Logging in.
DEBUG:root:230 OK. Current restricted directory is /
DEBUG:root:Changing to /public_html
DEBUG:root:Uploading mobile data file mobile.html 
DEBUG:root:Closing FTP connection
DEBUG:root:None
INFO:root:Mobile page successully Uploaded to website.
DEBUG:root:Running WebPMF Upload system
DEBUG:root:Logging in.
DEBUG:root:230 OK. Current restricted directory is /
DEBUG:root:Changing to /public_html
DEBUG:root:Uploading mobile data file mobile.html 
DEBUG:root:Closing FTP connection
DEBUG:root:None
INFO:root:Mobile page successully Uploaded to website.
DEBUG:root:Running WebPMF Upload system
DEBUG:root:Logging in.
DEBUG:root:230 OK. Current restricted directory is /
DEBUG:root:Changing to /public_html
DEBUG:root:Uploading mobile data file mobile.html 
DEBUG:root:Closing FTP connection
DEBUG:root:None
INFO:root:Mobile page successully Uploaded to website.
DEBUG:root:Running WebPMF Upload system
DEBUG:root:Logging in.
DEBUG:root:230 OK. Current restricted directory is /
DEBUG:root:Changing to /public_html
DEBUG:root:Uploading mobile data file mobile.html 
DEBUG:root:Closing FTP connection
DEBUG:root:None
INFO:root:Mobile page successully Uploaded to website.
DEBUG:root:Running WebPMF Upload system
DEBUG:root:Logging in.
DEBUG:root:230 OK. Current restricted directory is /
DEBUG:root:Changing to /public_html
DEBUG:root:Uploading mobile data file mobile.html 
DEBUG:root:Closing FTP connection
DEBUG:root:None
INFO:root:Mobile page successully Uploaded to website.
DEBUG:root:Running WebPMF Upload system
DEBUG:root:Logging in.
DEBUG:root:230 OK. Current restricted directory is /
DEBUG:root:Changing to /public_html
DEBUG:root:Uploading mobile data file mobile.html 
DEBUG:root:Closing FTP connection
DEBUG:root:None
INFO:root:Mobile page successully Uploaded to website.
DEBUG:root:Running WebPMF Upload system
DEBUG:root:Logging in.
DEBUG:root:230 OK. Current restricted directory is /
DEBUG:root:Changing to /public_html
DEBUG:root:Uploading mobile data file mobile.html 
DEBUG:root:Closing FTP connection
DEBUG:root:None
INFO:root:Mobile page successully Uploaded to website.
DEBUG:root:Running WebPMF Upload system
DEBUG:root:Logging in.
DEBUG:root:230 OK. Current restricted directory is /
DEBUG:root:Changing to /public_html
DEBUG:root:Uploading mobile data file mobile.html 
DEBUG:root:Closing FTP connection
DEBUG:root:None
INFO:root:Mobile page successully Uploaded to website.
